<?xml version="1.0" encoding="UTF-8"?>
<!-- Generated by org.testng.reporters.JUnitReportReporter -->
<testsuite skipped="0" hostname="DESKTOP-0T68PS8" name="com.abc.Include.Exclude" tests="1" failures="0" timestamp="24 Feb 2020 17:18:33 GMT" time="0.016" errors="0">
  <testcase name="test1" time="0.016" classname="com.abc.Include.Exclude"/>
</testsuite> <!-- com.abc.Include.Exclude -->
