<?xml version="1.0" encoding="UTF-8"?>
<!-- Generated by org.testng.reporters.JUnitReportReporter -->
<testsuite skipped="0" hostname="DESKTOP-0T68PS8" name="Launch_priorities" tests="4" failures="0" timestamp="23 Feb 2020 06:29:54 GMT" time="0.016" errors="0">
  <testcase name="test3" time="0.016" classname="Launch_priorities"/>
  <testcase name="test2" time="0.000" classname="Launch_priorities"/>
  <testcase name="test1" time="0.000" classname="Launch_priorities"/>
  <testcase name="test" time="0.000" classname="Launch_priorities"/>
</testsuite> <!-- Launch_priorities -->
