<?xml version="1.0" encoding="UTF-8"?>
<!-- Generated by org.testng.reporters.JUnitReportReporter -->
<testsuite skipped="0" hostname="DESKTOP-0T68PS8" name="com.abc.bang.Groups1" tests="2" failures="0" timestamp="24 Feb 2020 17:29:58 GMT" time="0.015" errors="0">
  <testcase name="test" time="0.000" classname="com.abc.bang.Groups1"/>
  <testcase name="test2" time="0.015" classname="com.abc.bang.Groups1"/>
</testsuite> <!-- com.abc.bang.Groups1 -->
