<?xml version="1.0" encoding="UTF-8"?>
<!-- Generated by org.testng.reporters.JUnitReportReporter -->
<testsuite skipped="0" hostname="DESKTOP-0T68PS8" name="com.abc.Include.Include" tests="1" failures="0" timestamp="24 Feb 2020 17:15:14 GMT" time="0.000" errors="0">
  <testcase name="test1" time="0.000" classname="com.abc.Include.Include"/>
</testsuite> <!-- com.abc.Include.Include -->
