<?xml version="1.0" encoding="UTF-8"?>
<!-- Generated by org.testng.reporters.JUnitReportReporter -->
<testsuite skipped="0" hostname="DESKTOP-0T68PS8" name="com.abc.magento.Launch" tests="1" failures="0" timestamp="24 Feb 2020 12:03:02 GMT" time="81.372" errors="0">
  <testcase name="t2" time="81.372" classname="com.abc.magento.Launch"/>
</testsuite> <!-- com.abc.magento.Launch -->
