<?xml version="1.0" encoding="UTF-8"?>
<!-- Generated by org.testng.reporters.JUnitReportReporter -->
<testsuite skipped="0" hostname="DESKTOP-0T68PS8" name="Launch1" tests="2" failures="0" timestamp="23 Feb 2020 06:24:02 GMT" time="0.016" errors="0">
  <testcase name="test2" time="0.000" classname="Launch1"/>
  <testcase name="tes1" time="0.016" classname="Launch1"/>
</testsuite> <!-- Launch1 -->
